# JRE version: Java(TM) SE Runtime Environment (8.0_77-b03) (build 1.8.0_77-b03)
# Java VM: Java HotSpot(TM) 64-Bit Server VM (25.77-b03 mixed mode bsd-amd64 compressed oops)
Heap:
 PSYoungGen      total 24576K, used 3464K [0x0000000795580000, 0x000000079dd80000, 0x00000007c0000000)
  eden space 24064K, 13% used [0x0000000795580000,0x00000007958ca0d8,0x0000000796d00000)
  from space 512K, 18% used [0x000000079dd00000,0x000000079dd18000,0x000000079dd80000)
  to   space 512K, 0% used [0x000000079dc80000,0x000000079dc80000,0x000000079dd00000)
 ParOldGen       total 87552K, used 13787K [0x0000000740000000, 0x0000000745580000, 0x0000000795580000)
  object space 87552K, 15% used [0x0000000740000000,0x0000000740d76d90,0x0000000745580000)
 Metaspace       used 10893K, capacity 11042K, committed 11136K, reserved 1058816K
  class space    used 1091K, capacity 1145K, committed 1152K, reserved 1048576K
GC Heap History (10 events):
Event: 139855.882 GC heap before
{Heap before GC invocations=3550 (full 0):
 PSYoungGen      total 24576K, used 24224K [0x0000000795580000, 0x000000079dd80000, 0x00000007c0000000)
  eden space 24064K, 100% used [0x0000000795580000,0x0000000796d00000,0x0000000796d00000)
  from space 512K, 31% used [0x000000079dc80000,0x000000079dca8000,0x000000079dd00000)
  to   space 512K, 0% used [0x000000079dd00000,0x000000079dd00000,0x000000079dd80000)
 ParOldGen       total 87552K, used 13787K [0x0000000740000000, 0x0000000745580000, 0x0000000795580000)
  object space 87552K, 15% used [0x0000000740000000,0x0000000740d76d90,0x0000000745580000)
 Metaspace       used 10893K, capacity 11042K, committed 11136K, reserved 1058816K
  class space    used 1091K, capacity 1145K, committed 1152K, reserved 1048576K
Event: 139855.883 GC heap after
Heap after GC invocations=3550 (full 0):
 PSYoungGen      total 24576K, used 64K [0x0000000795580000, 0x000000079dd80000, 0x00000007c0000000)
  eden space 24064K, 0% used [0x0000000795580000,0x0000000795580000,0x0000000796d00000)
  from space 512K, 12% used [0x000000079dd00000,0x000000079dd10000,0x000000079dd80000)
  to   space 512K, 0% used [0x000000079dc80000,0x000000079dc80000,0x000000079dd00000)
 ParOldGen       total 87552K, used 13787K [0x0000000740000000, 0x0000000745580000, 0x0000000795580000)
  object space 87552K, 15% used [0x0000000740000000,0x0000000740d76d90,0x0000000745580000)
 Metaspace       used 10893K, capacity 11042K, committed 11136K, reserved 1058816K
  class space    used 1091K, capacity 1145K, committed 1152K, reserved 1048576K
}
Event: 139883.972 GC heap before
{Heap before GC invocations=3551 (full 0):
 PSYoungGen      total 24576K, used 24128K [0x0000000795580000, 0x000000079dd80000, 0x00000007c0000000)
  eden space 24064K, 100% used [0x0000000795580000,0x0000000796d00000,0x0000000796d00000)
  from space 512K, 12% used [0x000000079dd00000,0x000000079dd10000,0x000000079dd80000)
  to   space 512K, 0% used [0x000000079dc80000,0x000000079dc80000,0x000000079dd00000)
 ParOldGen       total 87552K, used 13787K [0x0000000740000000, 0x0000000745580000, 0x0000000795580000)
  object space 87552K, 15% used [0x0000000740000000,0x0000000740d76d90,0x0000000745580000)
 Metaspace       used 10893K, capacity 11042K, committed 11136K, reserved 1058816K
  class space    used 1091K, capacity 1145K, committed 1152K, reserved 1048576K
Event: 139883.972 GC heap after
Heap after GC invocations=3551 (full 0):
 PSYoungGen      total 24576K, used 96K [0x0000000795580000, 0x000000079dd80000, 0x00000007c0000000)
  eden space 24064K, 0% used [0x0000000795580000,0x0000000795580000,0x0000000796d00000)
  from space 512K, 18% used [0x000000079dc80000,0x000000079dc98000,0x000000079dd00000)
  to   space 512K, 0% used [0x000000079dd00000,0x000000079dd00000,0x000000079dd80000)
 ParOldGen       total 87552K, used 13787K [0x0000000740000000, 0x0000000745580000, 0x0000000795580000)
  object space 87552K, 15% used [0x0000000740000000,0x0000000740d76d90,0x0000000745580000)
 Metaspace       used 10893K, capacity 11042K, committed 11136K, reserved 1058816K
  class space    used 1091K, capacity 1145K, committed 1152K, reserved 1048576K
}
Event: 139912.053 GC heap before
{Heap before GC invocations=3552 (full 0):
 PSYoungGen      total 24576K, used 24160K [0x0000000795580000, 0x000000079dd80000, 0x00000007c0000000)
  eden space 24064K, 100% used [0x0000000795580000,0x0000000796d00000,0x0000000796d00000)
  from space 512K, 18% used [0x000000079dc80000,0x000000079dc98000,0x000000079dd00000)
  to   space 512K, 0% used [0x000000079dd00000,0x000000079dd00000,0x000000079dd80000)
 ParOldGen       total 87552K, used 13787K [0x0000000740000000, 0x0000000745580000, 0x0000000795580000)
  object space 87552K, 15% used [0x0000000740000000,0x0000000740d76d90,0x0000000745580000)
 Metaspace       used 10893K, capacity 11042K, committed 11136K, reserved 1058816K
  class space    used 1091K, capacity 1145K, committed 1152K, reserved 1048576K
Event: 139912.054 GC heap after
Heap after GC invocations=3552 (full 0):
 PSYoungGen      total 24576K, used 96K [0x0000000795580000, 0x000000079dd80000, 0x00000007c0000000)
  eden space 24064K, 0% used [0x0000000795580000,0x0000000795580000,0x0000000796d00000)
  from space 512K, 18% used [0x000000079dd00000,0x000000079dd18000,0x000000079dd80000)
  to   space 512K, 0% used [0x000000079dc80000,0x000000079dc80000,0x000000079dd00000)
 ParOldGen       total 87552K, used 13787K [0x0000000740000000, 0x0000000745580000, 0x0000000795580000)
  object space 87552K, 15% used [0x0000000740000000,0x0000000740d76d90,0x0000000745580000)
 Metaspace       used 10893K, capacity 11042K, committed 11136K, reserved 1058816K
  class space    used 1091K, capacity 1145K, committed 1152K, reserved 1048576K
}
Event: 139940.147 GC heap before
{Heap before GC invocations=3553 (full 0):
 PSYoungGen      total 24576K, used 24160K [0x0000000795580000, 0x000000079dd80000, 0x00000007c0000000)
  eden space 24064K, 100% used [0x0000000795580000,0x0000000796d00000,0x0000000796d00000)
  from space 512K, 18% used [0x000000079dd00000,0x000000079dd18000,0x000000079dd80000)
  to   space 512K, 0% used [0x000000079dc80000,0x000000079dc80000,0x000000079dd00000)
 ParOldGen       total 87552K, used 13787K [0x0000000740000000, 0x0000000745580000, 0x0000000795580000)
  object space 87552K, 15% used [0x0000000740000000,0x0000000740d76d90,0x0000000745580000)
 Metaspace       used 10893K, capacity 11042K, committed 11136K, reserved 1058816K
  class space    used 1091K, capacity 1145K, committed 1152K, reserved 1048576K
Event: 139940.150 GC heap after
Heap after GC invocations=3553 (full 0):
 PSYoungGen      total 24576K, used 192K [0x0000000795580000, 0x000000079dd80000, 0x00000007c0000000)
  eden space 24064K, 0% used [0x0000000795580000,0x0000000795580000,0x0000000796d00000)
  from space 512K, 37% used [0x000000079dc80000,0x000000079dcb0000,0x000000079dd00000)
  to   space 512K, 0% used [0x000000079dd00000,0x000000079dd00000,0x000000079dd80000)
 ParOldGen       total 87552K, used 13787K [0x0000000740000000, 0x0000000745580000, 0x0000000795580000)
  object space 87552K, 15% used [0x0000000740000000,0x0000000740d76d90,0x0000000745580000)
 Metaspace       used 10893K, capacity 11042K, committed 11136K, reserved 1058816K
  class space    used 1091K, capacity 1145K, committed 1152K, reserved 1048576K
}
Event: 139969.230 GC heap before
{Heap before GC invocations=3554 (full 0):
 PSYoungGen      total 24576K, used 24256K [0x0000000795580000, 0x000000079dd80000, 0x00000007c0000000)
  eden space 24064K, 100% used [0x0000000795580000,0x0000000796d00000,0x0000000796d00000)
  from space 512K, 37% used [0x000000079dc80000,0x000000079dcb0000,0x000000079dd00000)
  to   space 512K, 0% used [0x000000079dd00000,0x000000079dd00000,0x000000079dd80000)
 ParOldGen       total 87552K, used 13787K [0x0000000740000000, 0x0000000745580000, 0x0000000795580000)
  object space 87552K, 15% used [0x0000000740000000,0x0000000740d76d90,0x0000000745580000)
 Metaspace       used 10893K, capacity 11042K, committed 11136K, reserved 1058816K
  class space    used 1091K, capacity 1145K, committed 1152K, reserved 1048576K
Event: 139969.231 GC heap after
Heap after GC invocations=3554 (full 0):
 PSYoungGen      total 24576K, used 96K [0x0000000795580000, 0x000000079dd80000, 0x00000007c0000000)
  eden space 24064K, 0% used [0x0000000795580000,0x0000000795580000,0x0000000796d00000)
  from space 512K, 18% used [0x000000079dd00000,0x000000079dd18000,0x000000079dd80000)
  to   space 512K, 0% used [0x000000079dc80000,0x000000079dc80000,0x000000079dd00000)
 ParOldGen       total 87552K, used 13787K [0x0000000740000000, 0x0000000745580000, 0x0000000795580000)
  object space 87552K, 15% used [0x0000000740000000,0x0000000740d76d90,0x0000000745580000)
 Metaspace       used 10893K, capacity 11042K, committed 11136K, reserved 1058816K
  class space    used 1091K, capacity 1145K, committed 1152K, reserved 1048576K
}

